# JRE version: Java(TM) SE Runtime Environment (17.0.12+8) (build 17.0.12+8-LTS-286)
# Java VM: Java HotSpot(TM) 64-Bit Server VM (17.0.12+8-LTS-286, mixed mode, sharing, tiered, compressed oops, compressed class ptrs, g1 gc, windows-amd64)
GC Precious Log:
 CPUs: 8 total, 8 available
 Memory: 8003M
 Large Page Support: Disabled
 NUMA Support: Disabled
 Compressed Oops: Enabled (32-bit)
 Heap Region Size: 1M
 Heap Min Capacity: 8M
 Heap Initial Capacity: 126M
 Heap Max Capacity: 1G
 Pre-touch: Disabled
 Parallel Workers: 8
 Concurrent Workers: 2
 Concurrent Refinement Workers: 8
 Periodic GC: Disabled
Heap:
 garbage-first heap   total 391168K, used 228183K [0x00000000c0000000, 0x0000000100000000)
  region size 1024K, 60 young (61440K), 2 survivors (2048K)
 Metaspace       used 119836K, committed 120896K, reserved 1179648K
  class space    used 15568K, committed 16064K, reserved 1048576K
GC Heap History (20 events):
Event: 61.591 GC heap before
{Heap before GC invocations=51 (full 0):
 garbage-first heap   total 191488K, used 114739K [0x00000000c0000000, 0x0000000100000000)
  region size 1024K, 9 young (9216K), 3 survivors (3072K)
 Metaspace       used 118931K, committed 119936K, reserved 1179648K
  class space    used 15538K, committed 16000K, reserved 1048576K
}
Event: 61.597 GC heap after
{Heap after GC invocations=52 (full 0):
 garbage-first heap   total 191488K, used 76700K [0x00000000c0000000, 0x0000000100000000)
  region size 1024K, 2 young (2048K), 2 survivors (2048K)
 Metaspace       used 118931K, committed 119936K, reserved 1179648K
  class space    used 15538K, committed 16000K, reserved 1048576K
}
Event: 61.804 GC heap before
{Heap before GC invocations=52 (full 0):
 garbage-first heap   total 191488K, used 98204K [0x00000000c0000000, 0x0000000100000000)
  region size 1024K, 14 young (14336K), 2 survivors (2048K)
 Metaspace       used 119007K, committed 120000K, reserved 1179648K
  class space    used 15541K, committed 16000K, reserved 1048576K
}
Event: 61.811 GC heap after
{Heap after GC invocations=53 (full 0):
 garbage-first heap   total 191488K, used 83198K [0x00000000c0000000, 0x0000000100000000)
  region size 1024K, 3 young (3072K), 3 survivors (3072K)
 Metaspace       used 119007K, committed 120000K, reserved 1179648K
  class space    used 15541K, committed 16000K, reserved 1048576K
}
Event: 61.843 GC heap before
{Heap before GC invocations=53 (full 0):
 garbage-first heap   total 191488K, used 90366K [0x00000000c0000000, 0x0000000100000000)
  region size 1024K, 6 young (6144K), 3 survivors (3072K)
 Metaspace       used 119013K, committed 120000K, reserved 1179648K
  class space    used 15541K, committed 16000K, reserved 1048576K
}
Event: 61.852 GC heap after
{Heap after GC invocations=54 (full 0):
 garbage-first heap   total 191488K, used 88361K [0x00000000c0000000, 0x0000000100000000)
  region size 1024K, 3 young (3072K), 3 survivors (3072K)
 Metaspace       used 119013K, committed 120000K, reserved 1179648K
  class space    used 15541K, committed 16000K, reserved 1048576K
}
Event: 61.862 GC heap before
{Heap before GC invocations=54 (full 0):
 garbage-first heap   total 191488K, used 89385K [0x00000000c0000000, 0x0000000100000000)
  region size 1024K, 4 young (4096K), 3 survivors (3072K)
 Metaspace       used 119014K, committed 120064K, reserved 1179648K
  class space    used 15541K, committed 16000K, reserved 1048576K
}
Event: 61.869 GC heap after
{Heap after GC invocations=55 (full 0):
 garbage-first heap   total 191488K, used 89841K [0x00000000c0000000, 0x0000000100000000)
  region size 1024K, 4 young (4096K), 4 survivors (4096K)
 Metaspace       used 119014K, committed 120064K, reserved 1179648K
  class space    used 15541K, committed 16000K, reserved 1048576K
}
Event: 62.095 GC heap before
{Heap before GC invocations=56 (full 0):
 garbage-first heap   total 191488K, used 108273K [0x00000000c0000000, 0x0000000100000000)
  region size 1024K, 11 young (11264K), 4 survivors (4096K)
 Metaspace       used 119063K, committed 120064K, reserved 1179648K
  class space    used 15541K, committed 16000K, reserved 1048576K
}
Event: 62.103 GC heap after
{Heap after GC invocations=57 (full 0):
 garbage-first heap   total 191488K, used 103447K [0x00000000c0000000, 0x0000000100000000)
  region size 1024K, 4 young (4096K), 4 survivors (4096K)
 Metaspace       used 119063K, committed 120064K, reserved 1179648K
  class space    used 15541K, committed 16000K, reserved 1048576K
}
Event: 63.756 GC heap before
{Heap before GC invocations=58 (full 0):
 garbage-first heap   total 191488K, used 122903K [0x00000000c0000000, 0x0000000100000000)
  region size 1024K, 17 young (17408K), 4 survivors (4096K)
 Metaspace       used 119111K, committed 120128K, reserved 1179648K
  class space    used 15541K, committed 16000K, reserved 1048576K
}
Event: 63.765 GC heap after
{Heap after GC invocations=59 (full 0):
 garbage-first heap   total 191488K, used 112151K [0x00000000c0000000, 0x0000000100000000)
  region size 1024K, 5 young (5120K), 5 survivors (5120K)
 Metaspace       used 119111K, committed 120128K, reserved 1179648K
  class space    used 15541K, committed 16000K, reserved 1048576K
}
Event: 63.996 GC heap before
{Heap before GC invocations=60 (full 0):
 garbage-first heap   total 203776K, used 120343K [0x00000000c0000000, 0x0000000100000000)
  region size 1024K, 9 young (9216K), 5 survivors (5120K)
 Metaspace       used 119146K, committed 120128K, reserved 1179648K
  class space    used 15542K, committed 16000K, reserved 1048576K
}
Event: 64.005 GC heap after
{Heap after GC invocations=61 (full 0):
 garbage-first heap   total 203776K, used 109986K [0x00000000c0000000, 0x0000000100000000)
  region size 1024K, 3 young (3072K), 3 survivors (3072K)
 Metaspace       used 119146K, committed 120128K, reserved 1179648K
  class space    used 15542K, committed 16000K, reserved 1048576K
}
Event: 64.254 GC heap before
{Heap before GC invocations=62 (full 0):
 garbage-first heap   total 214016K, used 138658K [0x00000000c0000000, 0x0000000100000000)
  region size 1024K, 11 young (11264K), 3 survivors (3072K)
 Metaspace       used 119236K, committed 120256K, reserved 1179648K
  class space    used 15548K, committed 16000K, reserved 1048576K
}
Event: 64.262 GC heap after
{Heap after GC invocations=63 (full 0):
 garbage-first heap   total 214016K, used 90565K [0x00000000c0000000, 0x0000000100000000)
  region size 1024K, 3 young (3072K), 3 survivors (3072K)
 Metaspace       used 119236K, committed 120256K, reserved 1179648K
  class space    used 15548K, committed 16000K, reserved 1048576K
}
Event: 64.375 GC heap before
{Heap before GC invocations=63 (full 0):
 garbage-first heap   total 214016K, used 102853K [0x00000000c0000000, 0x0000000100000000)
  region size 1024K, 9 young (9216K), 3 survivors (3072K)
 Metaspace       used 119292K, committed 120320K, reserved 1179648K
  class space    used 15553K, committed 16000K, reserved 1048576K
}
Event: 64.399 GC heap after
{Heap after GC invocations=64 (full 0):
 garbage-first heap   total 391168K, used 89662K [0x00000000c0000000, 0x0000000100000000)
  region size 1024K, 3 young (3072K), 3 survivors (3072K)
 Metaspace       used 119292K, committed 120320K, reserved 1179648K
  class space    used 15553K, committed 16000K, reserved 1048576K
}
Event: 68.303 GC heap before
{Heap before GC invocations=64 (full 0):
 garbage-first heap   total 391168K, used 230974K [0x00000000c0000000, 0x0000000100000000)
  region size 1024K, 58 young (59392K), 3 survivors (3072K)
 Metaspace       used 119555K, committed 120512K, reserved 1179648K
  class space    used 15556K, committed 16000K, reserved 1048576K
}
Event: 68.307 GC heap after
{Heap after GC invocations=65 (full 0):
 garbage-first heap   total 391168K, used 85847K [0x00000000c0000000, 0x0000000100000000)
  region size 1024K, 2 young (2048K), 2 survivors (2048K)
 Metaspace       used 119555K, committed 120512K, reserved 1179648K
  class space    used 15556K, committed 16000K, reserved 1048576K
}

